PC=0x00000100(256) MPC=0 NZ=00 IR=0x00000000(0) 
PC=0x00000104(260) MPC=1000 NZ=00 IR=0x000002B7(695) 
PC=0x00000108(264) MPC=1000 NZ=00 IR=0x00028293(164499) 
PC=0x0000010C(268) MPC=1000 NZ=01 IR=0x00028283(164483) 
PC=0x00000110(272) MPC=1000 NZ=01 IR=0x00430313(4391699) r5=00000002(2)
PC=0x00000114(276) MPC=1000 NZ=00 IR=0x00D00393(13632403) r6=00000004(4)
PC=0x00000118(280) MPC=1000 NZ=00 IR=0x00030C03(199683) r7=0000000D(13)
PC=0x0000011C(284) MPC=1000 NZ=00 IR=0x01829023(25333795) r24=6C6C6568(1819043176)
PC=0x00000120(288) MPC=1000 NZ=00 IR=0xFFF38393(4294149011) 
PC=0x00000124(292) MPC=1000 NZ=00 IR=0x00130313(1245971) r7=0000000C(12)
PC=0x00000128(296) MPC=1000 NZ=00 IR=0xFE0398E3(4261648611) r6=00000005(5)
PC=0x00000114(276) MPC=0 NZ=00 IR=0xFE0398E3(4261648611) 
PC=0x00000118(280) MPC=1000 NZ=00 IR=0x00030C03(199683) 
PC=0x0000011C(284) MPC=1000 NZ=00 IR=0x01829023(25333795) r24=6F6C6C65(1869376613)
PC=0x00000120(288) MPC=1000 NZ=00 IR=0xFFF38393(4294149011) 
PC=0x00000124(292) MPC=1000 NZ=00 IR=0x00130313(1245971) r7=0000000B(11)
PC=0x00000128(296) MPC=1000 NZ=00 IR=0xFE0398E3(4261648611) r6=00000006(6)
PC=0x00000114(276) MPC=0 NZ=00 IR=0xFE0398E3(4261648611) 
PC=0x00000118(280) MPC=1000 NZ=00 IR=0x00030C03(199683) 
PC=0x0000011C(284) MPC=1000 NZ=00 IR=0x01829023(25333795) r24=206F6C6C(544173164)
PC=0x00000120(288) MPC=1000 NZ=00 IR=0xFFF38393(4294149011) 
PC=0x00000124(292) MPC=1000 NZ=00 IR=0x00130313(1245971) r7=0000000A(10)
PC=0x00000128(296) MPC=1000 NZ=00 IR=0xFE0398E3(4261648611) r6=00000007(7)
PC=0x00000114(276) MPC=0 NZ=00 IR=0xFE0398E3(4261648611) 
PC=0x00000118(280) MPC=1000 NZ=00 IR=0x00030C03(199683) 
PC=0x0000011C(284) MPC=1000 NZ=00 IR=0x01829023(25333795) r24=77206F6C(1998614380)
PC=0x00000120(288) MPC=1000 NZ=00 IR=0xFFF38393(4294149011) 
PC=0x00000124(292) MPC=1000 NZ=00 IR=0x00130313(1245971) r7=00000009(9)
PC=0x00000128(296) MPC=1000 NZ=00 IR=0xFE0398E3(4261648611) r6=00000008(8)
PC=0x00000114(276) MPC=0 NZ=00 IR=0xFE0398E3(4261648611) 
PC=0x00000118(280) MPC=1000 NZ=00 IR=0x00030C03(199683) 
PC=0x0000011C(284) MPC=1000 NZ=00 IR=0x01829023(25333795) r24=6F77206F(1870078063)
PC=0x00000120(288) MPC=1000 NZ=00 IR=0xFFF38393(4294149011) 
PC=0x00000124(292) MPC=1000 NZ=00 IR=0x00130313(1245971) r7=00000008(8)
PC=0x00000128(296) MPC=1000 NZ=00 IR=0xFE0398E3(4261648611) r6=00000009(9)
PC=0x00000114(276) MPC=0 NZ=00 IR=0xFE0398E3(4261648611) 
PC=0x00000118(280) MPC=1000 NZ=00 IR=0x00030C03(199683) 
PC=0x0000011C(284) MPC=1000 NZ=00 IR=0x01829023(25333795) r24=726F7720(1919907616)
PC=0x00000120(288) MPC=1000 NZ=00 IR=0xFFF38393(4294149011) 
PC=0x00000124(292) MPC=1000 NZ=00 IR=0x00130313(1245971) r7=00000007(7)
PC=0x00000128(296) MPC=1000 NZ=00 IR=0xFE0398E3(4261648611) r6=0000000A(10)
PC=0x00000114(276) MPC=0 NZ=00 IR=0xFE0398E3(4261648611) 
PC=0x00000118(280) MPC=1000 NZ=00 IR=0x00030C03(199683) 
PC=0x0000011C(284) MPC=1000 NZ=00 IR=0x01829023(25333795) r24=6C726F77(1819438967)
PC=0x00000120(288) MPC=1000 NZ=00 IR=0xFFF38393(4294149011) 
PC=0x00000124(292) MPC=1000 NZ=00 IR=0x00130313(1245971) r7=00000006(6)
PC=0x00000128(296) MPC=1000 NZ=00 IR=0xFE0398E3(4261648611) r6=0000000B(11)
PC=0x00000114(276) MPC=0 NZ=00 IR=0xFE0398E3(4261648611) 
PC=0x00000118(280) MPC=1000 NZ=00 IR=0x00030C03(199683) 
PC=0x0000011C(284) MPC=1000 NZ=00 IR=0x01829023(25333795) r24=646C726F(1684828783)
PC=0x00000120(288) MPC=1000 NZ=00 IR=0xFFF38393(4294149011) 
PC=0x00000124(292) MPC=1000 NZ=00 IR=0x00130313(1245971) r7=00000005(5)
PC=0x00000128(296) MPC=1000 NZ=00 IR=0xFE0398E3(4261648611) r6=0000000C(12)
PC=0x00000114(276) MPC=0 NZ=00 IR=0xFE0398E3(4261648611) 
PC=0x00000118(280) MPC=1000 NZ=00 IR=0x00030C03(199683) 
PC=0x0000011C(284) MPC=1000 NZ=00 IR=0x01829023(25333795) r24=21646C72(560229490)
PC=0x00000120(288) MPC=1000 NZ=00 IR=0xFFF38393(4294149011) 
PC=0x00000124(292) MPC=1000 NZ=00 IR=0x00130313(1245971) r7=00000004(4)
PC=0x00000128(296) MPC=1000 NZ=00 IR=0xFE0398E3(4261648611) r6=0000000D(13)
PC=0x00000114(276) MPC=0 NZ=00 IR=0xFE0398E3(4261648611) 
PC=0x00000118(280) MPC=1000 NZ=00 IR=0x00030C03(199683) 
PC=0x0000011C(284) MPC=1000 NZ=00 IR=0x01829023(25333795) r24=0021646C(2188396)
PC=0x00000120(288) MPC=1000 NZ=00 IR=0xFFF38393(4294149011) 
PC=0x00000124(292) MPC=1000 NZ=00 IR=0x00130313(1245971) r7=00000003(3)
PC=0x00000128(296) MPC=1000 NZ=00 IR=0xFE0398E3(4261648611) r6=0000000E(14)
PC=0x00000114(276) MPC=0 NZ=00 IR=0xFE0398E3(4261648611) 
PC=0x00000118(280) MPC=1000 NZ=00 IR=0x00030C03(199683) 
PC=0x0000011C(284) MPC=1000 NZ=00 IR=0x01829023(25333795) r24=00002164(8548)
PC=0x00000120(288) MPC=1000 NZ=00 IR=0xFFF38393(4294149011) 
PC=0x00000124(292) MPC=1000 NZ=00 IR=0x00130313(1245971) r7=00000002(2)
PC=0x00000128(296) MPC=1000 NZ=00 IR=0xFE0398E3(4261648611) r6=0000000F(15)
PC=0x00000114(276) MPC=0 NZ=00 IR=0xFE0398E3(4261648611) 
PC=0x00000118(280) MPC=1000 NZ=00 IR=0x00030C03(199683) 
PC=0x0000011C(284) MPC=1000 NZ=00 IR=0x01829023(25333795) r24=00000021(33)
PC=0x00000120(288) MPC=1000 NZ=00 IR=0xFFF38393(4294149011) 
PC=0x00000124(292) MPC=1000 NZ=00 IR=0x00130313(1245971) r7=00000001(1)
PC=0x00000128(296) MPC=1000 NZ=00 IR=0xFE0398E3(4261648611) r6=00000010(16)
PC=0x00000114(276) MPC=0 NZ=00 IR=0xFE0398E3(4261648611) 
PC=0x00000118(280) MPC=1000 NZ=00 IR=0x00030C03(199683) 
PC=0x0000011C(284) MPC=1000 NZ=00 IR=0x01829023(25333795) r24=00000000(0)
PC=0x00000120(288) MPC=1000 NZ=00 IR=0xFFF38393(4294149011) 
PC=0x00000124(292) MPC=1000 NZ=01 IR=0x00130313(1245971) r7=00000000(0)
PC=0x00000128(296) MPC=1000 NZ=00 IR=0xFE0398E3(4261648611) r6=00000011(17)
PC=0x0000012C(300) MPC=1000 NZ=01 IR=0x0000007F(127) 
